# JRE version: 7.0_11-b21
# Java VM: Java HotSpot(TM) 64-Bit Server VM (23.6-b04 mixed mode windows-amd64 compressed oops)
Heap
 PSYoungGen      total 64768K, used 34587K [0x00000000fa000000, 0x00000000feb80000, 0x0000000100000000)
  eden space 64576K, 53% used [0x00000000fa000000,0x00000000fc197a68,0x00000000fdf10000)
  from space 192K, 98% used [0x00000000fe460000,0x00000000fe48f4b0,0x00000000fe490000)
  to   space 3776K, 0% used [0x00000000fe7d0000,0x00000000fe7d0000,0x00000000feb80000)
 ParOldGen       total 81280K, used 75061K [0x00000000e8000000, 0x00000000ecf60000, 0x00000000fa000000)
  object space 81280K, 92% used [0x00000000e8000000,0x00000000ec94d5c8,0x00000000ecf60000)
 PSPermGen       total 119488K, used 62954K [0x00000000e0000000, 0x00000000e74b0000, 0x00000000e8000000)
  object space 119488K, 52% used [0x00000000e0000000,0x00000000e3d7aa90,0x00000000e74b0000)
GC Heap History (10 events):
Event: 27282.142 GC heap before
{Heap before GC invocations=156 (full 3):
 PSYoungGen      total 84288K, used 80241K [0x00000000fa000000, 0x00000000ff790000, 0x0000000100000000)
  eden space 79424K, 100% used [0x00000000fa000000,0x00000000fed90000,0x00000000fed90000)
  from space 4864K, 16% used [0x00000000ff210000,0x00000000ff2dc6b0,0x00000000ff6d0000)
  to   space 4608K, 0% used [0x00000000fed90000,0x00000000fed90000,0x00000000ff210000)
 ParOldGen       total 81280K, used 72270K [0x00000000e8000000, 0x00000000ecf60000, 0x00000000fa000000)
  object space 81280K, 88% used [0x00000000e8000000,0x00000000ec693a60,0x00000000ecf60000)
 PSPermGen       total 119488K, used 62785K [0x00000000e0000000, 0x00000000e74b0000, 0x00000000e8000000)
  object space 119488K, 52% used [0x00000000e0000000,0x00000000e3d50488,0x00000000e74b0000)
Event: 27282.153 GC heap after
Heap after GC invocations=156 (full 3):
 PSYoungGen      total 77888K, used 1675K [0x00000000fa000000, 0x00000000ff300000, 0x0000000100000000)
  eden space 76160K, 0% used [0x00000000fa000000,0x00000000fa000000,0x00000000fea60000)
  from space 1728K, 96% used [0x00000000fed90000,0x00000000fef32e78,0x00000000fef40000)
  to   space 3840K, 0% used [0x00000000fef40000,0x00000000fef40000,0x00000000ff300000)
 ParOldGen       total 81280K, used 72558K [0x00000000e8000000, 0x00000000ecf60000, 0x00000000fa000000)
  object space 81280K, 89% used [0x00000000e8000000,0x00000000ec6dba60,0x00000000ecf60000)
 PSPermGen       total 119488K, used 62785K [0x00000000e0000000, 0x00000000e74b0000, 0x00000000e8000000)
  object space 119488K, 52% used [0x00000000e0000000,0x00000000e3d50488,0x00000000e74b0000)
}
Event: 27414.126 GC heap before
{Heap before GC invocations=157 (full 3):
 PSYoungGen      total 77888K, used 77835K [0x00000000fa000000, 0x00000000ff300000, 0x0000000100000000)
  eden space 76160K, 100% used [0x00000000fa000000,0x00000000fea60000,0x00000000fea60000)
  from space 1728K, 96% used [0x00000000fed90000,0x00000000fef32e78,0x00000000fef40000)
  to   space 3840K, 0% used [0x00000000fef40000,0x00000000fef40000,0x00000000ff300000)
 ParOldGen       total 81280K, used 72558K [0x00000000e8000000, 0x00000000ecf60000, 0x00000000fa000000)
  object space 81280K, 89% used [0x00000000e8000000,0x00000000ec6dba60,0x00000000ecf60000)
 PSPermGen       total 119488K, used 62789K [0x00000000e0000000, 0x00000000e74b0000, 0x00000000e8000000)
  object space 119488K, 52% used [0x00000000e0000000,0x00000000e3d51748,0x00000000e74b0000)
Event: 27414.152 GC heap after
Heap after GC invocations=157 (full 3):
 PSYoungGen      total 73472K, used 285K [0x00000000fa000000, 0x00000000fefb0000, 0x0000000100000000)
  eden space 73024K, 0% used [0x00000000fa000000,0x00000000fa000000,0x00000000fe750000)
  from space 448K, 63% used [0x00000000fef40000,0x00000000fef874b0,0x00000000fefb0000)
  to   space 4288K, 0% used [0x00000000fe750000,0x00000000fe750000,0x00000000feb80000)
 ParOldGen       total 81280K, used 73744K [0x00000000e8000000, 0x00000000ecf60000, 0x00000000fa000000)
  object space 81280K, 90% used [0x00000000e8000000,0x00000000ec804108,0x00000000ecf60000)
 PSPermGen       total 119488K, used 62789K [0x00000000e0000000, 0x00000000e74b0000, 0x00000000e8000000)
  object space 119488K, 52% used [0x00000000e0000000,0x00000000e3d51748,0x00000000e74b0000)
}
Event: 27425.595 GC heap before
{Heap before GC invocations=158 (full 3):
 PSYoungGen      total 73472K, used 73309K [0x00000000fa000000, 0x00000000fefb0000, 0x0000000100000000)
  eden space 73024K, 100% used [0x00000000fa000000,0x00000000fe750000,0x00000000fe750000)
  from space 448K, 63% used [0x00000000fef40000,0x00000000fef874b0,0x00000000fefb0000)
  to   space 4288K, 0% used [0x00000000fe750000,0x00000000fe750000,0x00000000feb80000)
 ParOldGen       total 81280K, used 73744K [0x00000000e8000000, 0x00000000ecf60000, 0x00000000fa000000)
  object space 81280K, 90% used [0x00000000e8000000,0x00000000ec804108,0x00000000ecf60000)
 PSPermGen       total 119488K, used 62820K [0x00000000e0000000, 0x00000000e74b0000, 0x00000000e8000000)
  object space 119488K, 52% used [0x00000000e0000000,0x00000000e3d590d0,0x00000000e74b0000)
Event: 27425.647 GC heap after
Heap after GC invocations=158 (full 3):
 PSYoungGen      total 71360K, used 1280K [0x00000000fa000000, 0x00000000fef50000, 0x0000000100000000)
  eden space 70080K, 0% used [0x00000000fa000000,0x00000000fa000000,0x00000000fe470000)
  from space 1280K, 100% used [0x00000000fe750000,0x00000000fe890000,0x00000000fe890000)
  to   space 3968K, 0% used [0x00000000feb70000,0x00000000feb70000,0x00000000fef50000)
 ParOldGen       total 81280K, used 73885K [0x00000000e8000000, 0x00000000ecf60000, 0x00000000fa000000)
  object space 81280K, 90% used [0x00000000e8000000,0x00000000ec8275b8,0x00000000ecf60000)
 PSPermGen       total 119488K, used 62820K [0x00000000e0000000, 0x00000000e74b0000, 0x00000000e8000000)
  object space 119488K, 52% used [0x00000000e0000000,0x00000000e3d590d0,0x00000000e74b0000)
}
Event: 27531.756 GC heap before
{Heap before GC invocations=159 (full 3):
 PSYoungGen      total 71360K, used 71360K [0x00000000fa000000, 0x00000000fef50000, 0x0000000100000000)
  eden space 70080K, 100% used [0x00000000fa000000,0x00000000fe470000,0x00000000fe470000)
  from space 1280K, 100% used [0x00000000fe750000,0x00000000fe890000,0x00000000fe890000)
  to   space 3968K, 0% used [0x00000000feb70000,0x00000000feb70000,0x00000000fef50000)
 ParOldGen       total 81280K, used 73885K [0x00000000e8000000, 0x00000000ecf60000, 0x00000000fa000000)
  object space 81280K, 90% used [0x00000000e8000000,0x00000000ec8275b8,0x00000000ecf60000)
 PSPermGen       total 119488K, used 62881K [0x00000000e0000000, 0x00000000e74b0000, 0x00000000e8000000)
  object space 119488K, 52% used [0x00000000e0000000,0x00000000e3d68590,0x00000000e74b0000)
Event: 27531.816 GC heap after
Heap after GC invocations=159 (full 3):
 PSYoungGen      total 67712K, used 416K [0x00000000fa000000, 0x00000000febe0000, 0x0000000100000000)
  eden space 67264K, 0% used [0x00000000fa000000,0x00000000fa000000,0x00000000fe1b0000)
  from space 448K, 92% used [0x00000000feb70000,0x00000000febd8000,0x00000000febe0000)
  to   space 3840K, 0% used [0x00000000fe460000,0x00000000fe460000,0x00000000fe820000)
 ParOldGen       total 81280K, used 74877K [0x00000000e8000000, 0x00000000ecf60000, 0x00000000fa000000)
  object space 81280K, 92% used [0x00000000e8000000,0x00000000ec91f5c8,0x00000000ecf60000)
 PSPermGen       total 119488K, used 62881K [0x00000000e0000000, 0x00000000e74b0000, 0x00000000e8000000)
  object space 119488K, 52% used [0x00000000e0000000,0x00000000e3d68590,0x00000000e74b0000)
}
Event: 27764.674 GC heap before
{Heap before GC invocations=160 (full 3):
 PSYoungGen      total 67712K, used 67680K [0x00000000fa000000, 0x00000000febe0000, 0x0000000100000000)
  eden space 67264K, 100% used [0x00000000fa000000,0x00000000fe1b0000,0x00000000fe1b0000)
  from space 448K, 92% used [0x00000000feb70000,0x00000000febd8000,0x00000000febe0000)
  to   space 3840K, 0% used [0x00000000fe460000,0x00000000fe460000,0x00000000fe820000)
 ParOldGen       total 81280K, used 74877K [0x00000000e8000000, 0x00000000ecf60000, 0x00000000fa000000)
  object space 81280K, 92% used [0x00000000e8000000,0x00000000ec91f5c8,0x00000000ecf60000)
 PSPermGen       total 119488K, used 62881K [0x00000000e0000000, 0x00000000e74b0000, 0x00000000e8000000)
  object space 119488K, 52% used [0x00000000e0000000,0x00000000e3d686b0,0x00000000e74b0000)
Event: 27764.678 GC heap after
Heap after GC invocations=160 (full 3):
 PSYoungGen      total 64768K, used 189K [0x00000000fa000000, 0x00000000feb80000, 0x0000000100000000)
  eden space 64576K, 0% used [0x00000000fa000000,0x00000000fa000000,0x00000000fdf10000)
  from space 192K, 98% used [0x00000000fe460000,0x00000000fe48f4b0,0x00000000fe490000)
  to   space 3776K, 0% used [0x00000000fe7d0000,0x00000000fe7d0000,0x00000000feb80000)
 ParOldGen       total 81280K, used 75061K [0x00000000e8000000, 0x00000000ecf60000, 0x00000000fa000000)
  object space 81280K, 92% used [0x00000000e8000000,0x00000000ec94d5c8,0x00000000ecf60000)
 PSPermGen       total 119488K, used 62881K [0x00000000e0000000, 0x00000000e74b0000, 0x00000000e8000000)
  object space 119488K, 52% used [0x00000000e0000000,0x00000000e3d686b0,0x00000000e74b0000)
}

